Performing C SOURCE FILE Test CMAKE_HAVE_LIBC_PTHREAD failed with the following output:
Change Dir: C:/Users/Kastoms/Desktop/mp_ddz/out/build/x64-Debug/CMakeFiles/CMakeScratch/TryCompile-c4i619

Run Build Command(s):D:\PROGRAMS\VS\COMMON7\IDE\COMMONEXTENSIONS\MICROSOFT\CMAKE\Ninja\ninja.exe cmTC_92fd9 && [1/2] Building C object CMakeFiles\cmTC_92fd9.dir\src.c.obj
FAILED: CMakeFiles/cmTC_92fd9.dir/src.c.obj 
D:\Programs\VS\VC\Tools\MSVC\14.35.32215\bin\Hostx64\x64\cl.exe  /nologo -DCMAKE_HAVE_LIBC_PTHREAD  /DWIN32 /D_WINDOWS /W3  /MDd /Zi /Ob0 /Od /RTC1 /showIncludes /FoCMakeFiles\cmTC_92fd9.dir\src.c.obj /FdCMakeFiles\cmTC_92fd9.dir\ /FS -c C:\Users\Kastoms\Desktop\mp_ddz\out\build\x64-Debug\CMakeFiles\CMakeScratch\TryCompile-c4i619\src.c
C:\Users\Kastoms\Desktop\mp_ddz\out\build\x64-Debug\CMakeFiles\CMakeScratch\TryCompile-c4i619\src.c(1): fatal error C1083: Не удается открыть файл включение: pthread.h: No such file or directory,
ninja: build stopped: subcommand failed.


Source file was:
#include <pthread.h>

static void* test_func(void* data)
{
  return data;
}

int main(void)
{
  pthread_t thread;
  pthread_create(&thread, NULL, test_func, NULL);
  pthread_detach(thread);
  pthread_cancel(thread);
  pthread_join(thread, NULL);
  pthread_atfork(NULL, NULL, NULL);
  pthread_exit(NULL);

  return 0;
}


Determining if the function pthread_create exists in the pthreads failed with the following output:
Change Dir: C:/Users/Kastoms/Desktop/mp_ddz/out/build/x64-Debug/CMakeFiles/CMakeScratch/TryCompile-33od07

Run Build Command(s):D:\PROGRAMS\VS\COMMON7\IDE\COMMONEXTENSIONS\MICROSOFT\CMAKE\Ninja\ninja.exe cmTC_9fbd6 && [1/2] Building C object CMakeFiles\cmTC_9fbd6.dir\CheckFunctionExists.c.obj
[2/2] Linking C executable cmTC_9fbd6.exe
FAILED: cmTC_9fbd6.exe 
cmd.exe /C "cd . && D:\Programs\VS\Common7\IDE\CommonExtensions\Microsoft\CMake\CMake\bin\cmake.exe -E vs_link_exe --intdir=CMakeFiles\cmTC_9fbd6.dir --rc="D:\Windows Kits\10\bin\10.0.22000.0\x64\rc.exe" --mt="D:\Windows Kits\10\bin\10.0.22000.0\x64\mt.exe" --manifests  -- D:\Programs\VS\VC\Tools\MSVC\14.35.32215\bin\Hostx64\x64\link.exe /nologo CMakeFiles\cmTC_9fbd6.dir\CheckFunctionExists.c.obj  /out:cmTC_9fbd6.exe /implib:cmTC_9fbd6.lib /pdb:cmTC_9fbd6.pdb /version:0.0 /machine:x64  /debug /INCREMENTAL /subsystem:console  pthreads.lib  kernel32.lib user32.lib gdi32.lib winspool.lib shell32.lib ole32.lib oleaut32.lib uuid.lib comdlg32.lib advapi32.lib && cd ."
LINK Pass 1: command "D:\Programs\VS\VC\Tools\MSVC\14.35.32215\bin\Hostx64\x64\link.exe /nologo CMakeFiles\cmTC_9fbd6.dir\CheckFunctionExists.c.obj /out:cmTC_9fbd6.exe /implib:cmTC_9fbd6.lib /pdb:cmTC_9fbd6.pdb /version:0.0 /machine:x64 /debug /INCREMENTAL /subsystem:console pthreads.lib kernel32.lib user32.lib gdi32.lib winspool.lib shell32.lib ole32.lib oleaut32.lib uuid.lib comdlg32.lib advapi32.lib /MANIFEST /MANIFESTFILE:CMakeFiles\cmTC_9fbd6.dir/intermediate.manifest CMakeFiles\cmTC_9fbd6.dir/manifest.res" failed (exit code 1104) with the following output:
LINK : fatal error LNK1104: не удается открыть файл "pthreads.lib"
ninja: build stopped: subcommand failed.



Determining if the function pthread_create exists in the pthread failed with the following output:
Change Dir: C:/Users/Kastoms/Desktop/mp_ddz/out/build/x64-Debug/CMakeFiles/CMakeScratch/TryCompile-4iuico

Run Build Command(s):D:\PROGRAMS\VS\COMMON7\IDE\COMMONEXTENSIONS\MICROSOFT\CMAKE\Ninja\ninja.exe cmTC_1b749 && [1/2] Building C object CMakeFiles\cmTC_1b749.dir\CheckFunctionExists.c.obj
[2/2] Linking C executable cmTC_1b749.exe
FAILED: cmTC_1b749.exe 
cmd.exe /C "cd . && D:\Programs\VS\Common7\IDE\CommonExtensions\Microsoft\CMake\CMake\bin\cmake.exe -E vs_link_exe --intdir=CMakeFiles\cmTC_1b749.dir --rc="D:\Windows Kits\10\bin\10.0.22000.0\x64\rc.exe" --mt="D:\Windows Kits\10\bin\10.0.22000.0\x64\mt.exe" --manifests  -- D:\Programs\VS\VC\Tools\MSVC\14.35.32215\bin\Hostx64\x64\link.exe /nologo CMakeFiles\cmTC_1b749.dir\CheckFunctionExists.c.obj  /out:cmTC_1b749.exe /implib:cmTC_1b749.lib /pdb:cmTC_1b749.pdb /version:0.0 /machine:x64  /debug /INCREMENTAL /subsystem:console  pthread.lib  kernel32.lib user32.lib gdi32.lib winspool.lib shell32.lib ole32.lib oleaut32.lib uuid.lib comdlg32.lib advapi32.lib && cd ."
LINK Pass 1: command "D:\Programs\VS\VC\Tools\MSVC\14.35.32215\bin\Hostx64\x64\link.exe /nologo CMakeFiles\cmTC_1b749.dir\CheckFunctionExists.c.obj /out:cmTC_1b749.exe /implib:cmTC_1b749.lib /pdb:cmTC_1b749.pdb /version:0.0 /machine:x64 /debug /INCREMENTAL /subsystem:console pthread.lib kernel32.lib user32.lib gdi32.lib winspool.lib shell32.lib ole32.lib oleaut32.lib uuid.lib comdlg32.lib advapi32.lib /MANIFEST /MANIFESTFILE:CMakeFiles\cmTC_1b749.dir/intermediate.manifest CMakeFiles\cmTC_1b749.dir/manifest.res" failed (exit code 1104) with the following output:
LINK : fatal error LNK1104: не удается открыть файл "pthread.lib"
ninja: build stopped: subcommand failed.



